{"/Users/darienpoon/HackReactor/rfp2305/SDC-PROJECT/SDC-Products/server/controllers/productsController.js": {"path":"/Users/darienpoon/HackReactor/rfp2305/SDC-PROJECT/SDC-Products/server/controllers/productsController.js","statementMap":{"0":{"start":{"line":78,"column":22},"end":{"line":78,"column":59}},"1":{"start":{"line":80,"column":0},"end":{"line":154,"column":2}},"2":{"start":{"line":82,"column":18},"end":{"line":82,"column":41}},"3":{"start":{"line":83,"column":4},"end":{"line":93,"column":9}},"4":{"start":{"line":86,"column":26},"end":{"line":86,"column":39}},"5":{"start":{"line":87,"column":8},"end":{"line":87,"column":45}},"6":{"start":{"line":88,"column":8},"end":{"line":88,"column":42}},"7":{"start":{"line":91,"column":8},"end":{"line":91,"column":54}},"8":{"start":{"line":92,"column":8},"end":{"line":92,"column":54}},"9":{"start":{"line":97,"column":4},"end":{"line":107,"column":9}},"10":{"start":{"line":100,"column":33},"end":{"line":100,"column":52}},"11":{"start":{"line":101,"column":8},"end":{"line":101,"column":58}},"12":{"start":{"line":102,"column":8},"end":{"line":102,"column":49}},"13":{"start":{"line":105,"column":8},"end":{"line":105,"column":61}},"14":{"start":{"line":106,"column":8},"end":{"line":106,"column":54}},"15":{"start":{"line":111,"column":21},"end":{"line":111,"column":42}},"16":{"start":{"line":112,"column":4},"end":{"line":122,"column":9}},"17":{"start":{"line":115,"column":34},"end":{"line":115,"column":54}},"18":{"start":{"line":116,"column":8},"end":{"line":116,"column":60}},"19":{"start":{"line":117,"column":8},"end":{"line":117,"column":50}},"20":{"start":{"line":120,"column":8},"end":{"line":120,"column":61}},"21":{"start":{"line":121,"column":8},"end":{"line":121,"column":54}},"22":{"start":{"line":126,"column":21},"end":{"line":126,"column":42}},"23":{"start":{"line":127,"column":4},"end":{"line":137,"column":9}},"24":{"start":{"line":130,"column":32},"end":{"line":130,"column":50}},"25":{"start":{"line":131,"column":8},"end":{"line":131,"column":57}},"26":{"start":{"line":132,"column":8},"end":{"line":132,"column":48}},"27":{"start":{"line":135,"column":8},"end":{"line":135,"column":59}},"28":{"start":{"line":136,"column":8},"end":{"line":136,"column":54}},"29":{"start":{"line":141,"column":21},"end":{"line":141,"column":42}},"30":{"start":{"line":142,"column":4},"end":{"line":152,"column":9}},"31":{"start":{"line":145,"column":33},"end":{"line":145,"column":53}},"32":{"start":{"line":146,"column":8},"end":{"line":146,"column":60}},"33":{"start":{"line":147,"column":8},"end":{"line":147,"column":49}},"34":{"start":{"line":150,"column":8},"end":{"line":150,"column":61}},"35":{"start":{"line":151,"column":8},"end":{"line":151,"column":55}}},"fnMap":{"0":{"name":"(anonymous_0)","decl":{"start":{"line":81,"column":15},"end":{"line":81,"column":16}},"loc":{"start":{"line":81,"column":29},"end":{"line":94,"column":3}},"line":81},"1":{"name":"(anonymous_1)","decl":{"start":{"line":85,"column":12},"end":{"line":85,"column":13}},"loc":{"start":{"line":85,"column":26},"end":{"line":89,"column":7}},"line":85},"2":{"name":"(anonymous_2)","decl":{"start":{"line":90,"column":13},"end":{"line":90,"column":14}},"loc":{"start":{"line":90,"column":22},"end":{"line":93,"column":7}},"line":90},"3":{"name":"(anonymous_3)","decl":{"start":{"line":96,"column":21},"end":{"line":96,"column":22}},"loc":{"start":{"line":96,"column":35},"end":{"line":108,"column":3}},"line":96},"4":{"name":"(anonymous_4)","decl":{"start":{"line":99,"column":12},"end":{"line":99,"column":13}},"loc":{"start":{"line":99,"column":32},"end":{"line":103,"column":7}},"line":99},"5":{"name":"(anonymous_5)","decl":{"start":{"line":104,"column":13},"end":{"line":104,"column":14}},"loc":{"start":{"line":104,"column":22},"end":{"line":107,"column":7}},"line":104},"6":{"name":"(anonymous_6)","decl":{"start":{"line":110,"column":18},"end":{"line":110,"column":19}},"loc":{"start":{"line":110,"column":32},"end":{"line":123,"column":3}},"line":110},"7":{"name":"(anonymous_7)","decl":{"start":{"line":114,"column":12},"end":{"line":114,"column":13}},"loc":{"start":{"line":114,"column":33},"end":{"line":118,"column":7}},"line":114},"8":{"name":"(anonymous_8)","decl":{"start":{"line":119,"column":13},"end":{"line":119,"column":14}},"loc":{"start":{"line":119,"column":22},"end":{"line":122,"column":7}},"line":119},"9":{"name":"(anonymous_9)","decl":{"start":{"line":125,"column":20},"end":{"line":125,"column":21}},"loc":{"start":{"line":125,"column":34},"end":{"line":138,"column":3}},"line":125},"10":{"name":"(anonymous_10)","decl":{"start":{"line":129,"column":12},"end":{"line":129,"column":13}},"loc":{"start":{"line":129,"column":31},"end":{"line":133,"column":7}},"line":129},"11":{"name":"(anonymous_11)","decl":{"start":{"line":134,"column":13},"end":{"line":134,"column":14}},"loc":{"start":{"line":134,"column":22},"end":{"line":137,"column":7}},"line":134},"12":{"name":"(anonymous_12)","decl":{"start":{"line":140,"column":22},"end":{"line":140,"column":23}},"loc":{"start":{"line":140,"column":36},"end":{"line":153,"column":3}},"line":140},"13":{"name":"(anonymous_13)","decl":{"start":{"line":144,"column":12},"end":{"line":144,"column":13}},"loc":{"start":{"line":144,"column":33},"end":{"line":148,"column":7}},"line":144},"14":{"name":"(anonymous_14)","decl":{"start":{"line":149,"column":13},"end":{"line":149,"column":14}},"loc":{"start":{"line":149,"column":22},"end":{"line":152,"column":7}},"line":149}},"branchMap":{"0":{"loc":{"start":{"line":82,"column":18},"end":{"line":82,"column":41}},"type":"binary-expr","locations":[{"start":{"line":82,"column":18},"end":{"line":82,"column":33}},{"start":{"line":82,"column":37},"end":{"line":82,"column":41}}],"line":82}},"s":{"0":1,"1":1,"2":1,"3":1,"4":0,"5":0,"6":0,"7":0,"8":0,"9":1,"10":0,"11":0,"12":0,"13":0,"14":0,"15":1,"16":1,"17":0,"18":0,"19":0,"20":0,"21":0,"22":1,"23":1,"24":0,"25":0,"26":0,"27":0,"28":0,"29":1,"30":1,"31":0,"32":0,"33":0,"34":0,"35":0},"f":{"0":1,"1":0,"2":0,"3":1,"4":0,"5":0,"6":1,"7":0,"8":0,"9":1,"10":0,"11":0,"12":1,"13":0,"14":0},"b":{"0":[1,1]},"_coverageSchema":"1a1c01bbd47fc00a2c39e90264f33305004495a9","hash":"47beeec79e15fbf07e79b1b7172ffe53e751da0c"}
,"/Users/darienpoon/HackReactor/rfp2305/SDC-PROJECT/SDC-Products/server/database/db.js": {"path":"/Users/darienpoon/HackReactor/rfp2305/SDC-PROJECT/SDC-Products/server/database/db.js","statementMap":{"0":{"start":{"line":1,"column":17},"end":{"line":1,"column":30}},"1":{"start":{"line":2,"column":0},"end":{"line":2,"column":27}},"2":{"start":{"line":4,"column":13},"end":{"line":10,"column":2}},"3":{"start":{"line":12,"column":0},"end":{"line":12,"column":22}}},"fnMap":{},"branchMap":{},"s":{"0":1,"1":1,"2":1,"3":1},"f":{},"b":{},"_coverageSchema":"1a1c01bbd47fc00a2c39e90264f33305004495a9","hash":"46ef08cd9e9b13b1f862f0285bbfb0290fe4ec61"}
,"/Users/darienpoon/HackReactor/rfp2305/SDC-PROJECT/SDC-Products/server/models/productsModel.js": {"path":"/Users/darienpoon/HackReactor/rfp2305/SDC-PROJECT/SDC-Products/server/models/productsModel.js","statementMap":{"0":{"start":{"line":1,"column":11},"end":{"line":1,"column":39}},"1":{"start":{"line":3,"column":0},"end":{"line":69,"column":1}},"2":{"start":{"line":6,"column":4},"end":{"line":6,"column":48}},"3":{"start":{"line":7,"column":4},"end":{"line":7,"column":74}},"4":{"start":{"line":11,"column":4},"end":{"line":11,"column":41}},"5":{"start":{"line":12,"column":4},"end":{"line":12,"column":61}},"6":{"start":{"line":16,"column":4},"end":{"line":16,"column":49}},"7":{"start":{"line":17,"column":4},"end":{"line":29,"column":6}},"8":{"start":{"line":33,"column":4},"end":{"line":33,"column":47}},"9":{"start":{"line":34,"column":4},"end":{"line":57,"column":7}},"10":{"start":{"line":61,"column":4},"end":{"line":61,"column":49}},"11":{"start":{"line":62,"column":4},"end":{"line":62,"column":94}}},"fnMap":{"0":{"name":"(anonymous_0)","decl":{"start":{"line":5,"column":22},"end":{"line":5,"column":23}},"loc":{"start":{"line":5,"column":28},"end":{"line":8,"column":3}},"line":5},"1":{"name":"(anonymous_1)","decl":{"start":{"line":10,"column":16},"end":{"line":10,"column":17}},"loc":{"start":{"line":10,"column":27},"end":{"line":13,"column":3}},"line":10},"2":{"name":"(anonymous_2)","decl":{"start":{"line":15,"column":23},"end":{"line":15,"column":24}},"loc":{"start":{"line":15,"column":39},"end":{"line":30,"column":3}},"line":15},"3":{"name":"(anonymous_3)","decl":{"start":{"line":32,"column":21},"end":{"line":32,"column":22}},"loc":{"start":{"line":32,"column":37},"end":{"line":58,"column":3}},"line":32},"4":{"name":"(anonymous_4)","decl":{"start":{"line":60,"column":23},"end":{"line":60,"column":24}},"loc":{"start":{"line":60,"column":39},"end":{"line":63,"column":3}},"line":60}},"branchMap":{},"s":{"0":1,"1":1,"2":1,"3":1,"4":1,"5":1,"6":1,"7":1,"8":1,"9":1,"10":1,"11":1},"f":{"0":1,"1":1,"2":1,"3":1,"4":1},"b":{},"_coverageSchema":"1a1c01bbd47fc00a2c39e90264f33305004495a9","hash":"a2943c42de54699057cc667ef01cf8da3fb36cc9"}
}
