TN:
SF:server/controllers/productsController.js
FN:81,(anonymous_0)
FN:85,(anonymous_1)
FN:90,(anonymous_2)
FN:96,(anonymous_3)
FN:99,(anonymous_4)
FN:104,(anonymous_5)
FN:110,(anonymous_6)
FN:114,(anonymous_7)
FN:119,(anonymous_8)
FN:125,(anonymous_9)
FN:129,(anonymous_10)
FN:134,(anonymous_11)
FN:140,(anonymous_12)
FN:144,(anonymous_13)
FN:149,(anonymous_14)
FNF:15
FNH:5
FNDA:1,(anonymous_0)
FNDA:0,(anonymous_1)
FNDA:0,(anonymous_2)
FNDA:1,(anonymous_3)
FNDA:0,(anonymous_4)
FNDA:0,(anonymous_5)
FNDA:1,(anonymous_6)
FNDA:0,(anonymous_7)
FNDA:0,(anonymous_8)
FNDA:1,(anonymous_9)
FNDA:0,(anonymous_10)
FNDA:0,(anonymous_11)
FNDA:1,(anonymous_12)
FNDA:0,(anonymous_13)
FNDA:0,(anonymous_14)
DA:78,1
DA:80,1
DA:82,1
DA:83,1
DA:86,0
DA:87,0
DA:88,0
DA:91,0
DA:92,0
DA:97,1
DA:100,0
DA:101,0
DA:102,0
DA:105,0
DA:106,0
DA:111,1
DA:112,1
DA:115,0
DA:116,0
DA:117,0
DA:120,0
DA:121,0
DA:126,1
DA:127,1
DA:130,0
DA:131,0
DA:132,0
DA:135,0
DA:136,0
DA:141,1
DA:142,1
DA:145,0
DA:146,0
DA:147,0
DA:150,0
DA:151,0
LF:36
LH:11
BRDA:82,0,0,1
BRDA:82,0,1,1
BRF:2
BRH:2
end_of_record
TN:
SF:server/database/db.js
FNF:0
FNH:0
DA:1,1
DA:2,1
DA:4,1
DA:12,1
LF:4
LH:4
BRF:0
BRH:0
end_of_record
TN:
SF:server/models/productsModel.js
FN:5,(anonymous_0)
FN:10,(anonymous_1)
FN:15,(anonymous_2)
FN:32,(anonymous_3)
FN:60,(anonymous_4)
FNF:5
FNH:5
FNDA:1,(anonymous_0)
FNDA:1,(anonymous_1)
FNDA:1,(anonymous_2)
FNDA:1,(anonymous_3)
FNDA:1,(anonymous_4)
DA:1,1
DA:3,1
DA:6,1
DA:7,1
DA:11,1
DA:12,1
DA:16,1
DA:17,1
DA:33,1
DA:34,1
DA:61,1
DA:62,1
LF:12
LH:12
BRF:0
BRH:0
end_of_record
